2024-12-12 15:35:44,767 - Thread-3 (process_request_thread) - ThreadSafeLogger - INFO - Calling signup with args: (UserHandler(user_service=<AssetManagement.src.app.services.user_service.UserService object at 0x000001D5598E9400>),), kwargs: {}
2024-12-12 15:35:44,767 - Thread-3 (process_request_thread) - ThreadSafeLogger - ERROR - Error occurred in signup with args: (UserHandler(user_service=<AssetManagement.src.app.services.user_service.UserService object at 0x000001D5598E9400>),), kwargs: {}, error: 415 Unsupported Media Type: Did not attempt to load JSON data because the request Content-Type was not 'application/json'.
2024-12-12 15:35:59,441 - Thread-4 (process_request_thread) - ThreadSafeLogger - INFO - Calling signup with args: (UserHandler(user_service=<AssetManagement.src.app.services.user_service.UserService object at 0x000001D5598E9400>),), kwargs: {}
2024-12-12 15:35:59,442 - Thread-4 (process_request_thread) - ThreadSafeLogger - INFO - signup executed successfully.
2024-12-12 15:35:59,506 - Thread-5 (process_request_thread) - ThreadSafeLogger - INFO - Calling signup with args: (UserHandler(user_service=<AssetManagement.src.app.services.user_service.UserService object at 0x000001D5598E9400>),), kwargs: {}
2024-12-12 15:35:59,507 - Thread-5 (process_request_thread) - ThreadSafeLogger - INFO - signup executed successfully.
2024-12-12 15:36:47,483 - Thread-6 (process_request_thread) - ThreadSafeLogger - INFO - Calling signup with args: (UserHandler(user_service=<AssetManagement.src.app.services.user_service.UserService object at 0x000001D5598E9400>),), kwargs: {}
2024-12-12 15:36:47,483 - Thread-6 (process_request_thread) - ThreadSafeLogger - ERROR - Error occurred in signup with args: (UserHandler(user_service=<AssetManagement.src.app.services.user_service.UserService object at 0x000001D5598E9400>),), kwargs: {}, error: 400 Bad Request: Failed to decode JSON object: Illegal trailing comma before end of object: line 4 column 29 (char 97)
2024-12-12 15:36:51,045 - Thread-7 (process_request_thread) - ThreadSafeLogger - INFO - Calling signup with args: (UserHandler(user_service=<AssetManagement.src.app.services.user_service.UserService object at 0x000001D5598E9400>),), kwargs: {}
2024-12-12 15:36:51,301 - Thread-7 (process_request_thread) - ThreadSafeLogger - INFO - signup executed successfully.
2024-12-12 15:39:34,788 - Thread-2 (process_request_thread) - ThreadSafeLogger - INFO - Calling signup with args: (UserHandler(user_service=<AssetManagement.src.app.services.user_service.UserService object at 0x000001D7E9BC9400>),), kwargs: {}
2024-12-12 15:39:35,022 - Thread-2 (process_request_thread) - ThreadSafeLogger - INFO - signup executed successfully.
2024-12-12 15:40:13,667 - Thread-2 (process_request_thread) - ThreadSafeLogger - INFO - Calling signup with args: (UserHandler(user_service=<AssetManagement.src.app.services.user_service.UserService object at 0x000001B684BD9400>),), kwargs: {}
2024-12-12 15:40:13,913 - Thread-2 (process_request_thread) - ThreadSafeLogger - INFO - signup executed successfully.
2024-12-12 15:41:26,784 - Thread-2 (process_request_thread) - ThreadSafeLogger - INFO - Calling signup with args: (UserHandler(user_service=<AssetManagement.src.app.services.user_service.UserService object at 0x0000028AAB20EA50>),), kwargs: {}
2024-12-12 15:41:26,787 - Thread-2 (process_request_thread) - ThreadSafeLogger - INFO - signup executed successfully.
2024-12-12 15:43:14,593 - Thread-2 (process_request_thread) - ThreadSafeLogger - INFO - Calling signup with args: (UserHandler(user_service=<AssetManagement.src.app.services.user_service.UserService object at 0x000001FDC0C2EA50>),), kwargs: {}
2024-12-12 15:43:14,594 - Thread-2 (process_request_thread) - ThreadSafeLogger - INFO - signup executed successfully.
2024-12-12 15:46:37,572 - Thread-3 (process_request_thread) - ThreadSafeLogger - INFO - Calling signup with args: (UserHandler(user_service=<AssetManagement.src.app.services.user_service.UserService object at 0x000001FDC0C2EA50>),), kwargs: {}
2024-12-12 15:46:37,822 - Thread-3 (process_request_thread) - ThreadSafeLogger - INFO - signup executed successfully.
2024-12-12 15:47:06,565 - Thread-4 (process_request_thread) - ThreadSafeLogger - INFO - Calling login with args: (UserHandler(user_service=<AssetManagement.src.app.services.user_service.UserService object at 0x000001FDC0C2EA50>),), kwargs: {}
2024-12-12 15:47:06,565 - Thread-4 (process_request_thread) - ThreadSafeLogger - INFO - login executed successfully.
2024-12-12 15:47:06,645 - Thread-5 (process_request_thread) - ThreadSafeLogger - INFO - Calling login with args: (UserHandler(user_service=<AssetManagement.src.app.services.user_service.UserService object at 0x000001FDC0C2EA50>),), kwargs: {}
2024-12-12 15:47:06,645 - Thread-5 (process_request_thread) - ThreadSafeLogger - INFO - login executed successfully.
2024-12-12 16:22:56,271 - Thread-7 (process_request_thread) - ThreadSafeLogger - INFO - Calling login with args: (UserHandler(user_service=<AssetManagement.src.app.services.user_service.UserService object at 0x000001FDC0C2EA50>),), kwargs: {}
2024-12-12 16:22:56,502 - Thread-7 (process_request_thread) - ThreadSafeLogger - INFO - login executed successfully.
2024-12-12 16:23:00,047 - Thread-8 (process_request_thread) - ThreadSafeLogger - INFO - Calling login with args: (UserHandler(user_service=<AssetManagement.src.app.services.user_service.UserService object at 0x000001FDC0C2EA50>),), kwargs: {}
2024-12-12 16:23:00,276 - Thread-8 (process_request_thread) - ThreadSafeLogger - INFO - login executed successfully.
2024-12-12 16:23:10,791 - Thread-9 (process_request_thread) - ThreadSafeLogger - INFO - Calling login with args: (UserHandler(user_service=<AssetManagement.src.app.services.user_service.UserService object at 0x000001FDC0C2EA50>),), kwargs: {}
2024-12-12 16:23:11,023 - Thread-9 (process_request_thread) - ThreadSafeLogger - INFO - login executed successfully.
2024-12-12 16:25:38,210 - Thread-10 (process_request_thread) - ThreadSafeLogger - INFO - Calling login with args: (UserHandler(user_service=<AssetManagement.src.app.services.user_service.UserService object at 0x000001FDC0C2EA50>),), kwargs: {}
2024-12-12 16:25:38,441 - Thread-10 (process_request_thread) - ThreadSafeLogger - INFO - login executed successfully.
2024-12-12 16:25:40,820 - Thread-11 (process_request_thread) - ThreadSafeLogger - INFO - Calling login with args: (UserHandler(user_service=<AssetManagement.src.app.services.user_service.UserService object at 0x000001FDC0C2EA50>),), kwargs: {}
2024-12-12 16:25:41,052 - Thread-11 (process_request_thread) - ThreadSafeLogger - INFO - login executed successfully.
2024-12-12 16:26:37,737 - Thread-12 (process_request_thread) - ThreadSafeLogger - INFO - Calling get_users with args: (UserHandler(user_service=<AssetManagement.src.app.services.user_service.UserService object at 0x000001FDC0C2EA50>),), kwargs: {}
2024-12-12 16:26:37,738 - Thread-12 (process_request_thread) - ThreadSafeLogger - INFO - get_users executed successfully.
2024-12-12 16:26:58,066 - Thread-13 (process_request_thread) - ThreadSafeLogger - INFO - Calling get_users with args: (UserHandler(user_service=<AssetManagement.src.app.services.user_service.UserService object at 0x000001FDC0C2EA50>),), kwargs: {}
2024-12-12 16:26:58,067 - Thread-13 (process_request_thread) - ThreadSafeLogger - INFO - get_users executed successfully.
2024-12-12 16:30:05,131 - Thread-2 (process_request_thread) - ThreadSafeLogger - INFO - Calling get_users with args: (UserHandler(user_service=<AssetManagement.src.app.services.user_service.UserService object at 0x000002544BF3EA50>),), kwargs: {}
2024-12-12 16:30:05,134 - Thread-2 (process_request_thread) - ThreadSafeLogger - INFO - get_users executed successfully.
2024-12-12 16:31:00,790 - Thread-2 (process_request_thread) - ThreadSafeLogger - INFO - Calling get_users with args: (UserHandler(user_service=<AssetManagement.src.app.services.user_service.UserService object at 0x000001EA1FBFEA50>),), kwargs: {}
2024-12-12 16:31:00,793 - Thread-2 (process_request_thread) - ThreadSafeLogger - INFO - get_users executed successfully.
2024-12-12 16:32:00,753 - Thread-2 (process_request_thread) - ThreadSafeLogger - INFO - Calling get_users with args: (UserHandler(user_service=<AssetManagement.src.app.services.user_service.UserService object at 0x000002903322EA50>),), kwargs: {}
2024-12-12 16:32:00,755 - Thread-2 (process_request_thread) - ThreadSafeLogger - INFO - get_users executed successfully.
2024-12-12 16:33:21,618 - Thread-2 (process_request_thread) - ThreadSafeLogger - INFO - Calling get_users with args: (UserHandler(user_service=<AssetManagement.src.app.services.user_service.UserService object at 0x000002050BAEEA50>),), kwargs: {}
2024-12-12 16:33:21,620 - Thread-2 (process_request_thread) - ThreadSafeLogger - ERROR - Error occurred in get_users with args: (UserHandler(user_service=<AssetManagement.src.app.services.user_service.UserService object at 0x000002050BAEEA50>),), kwargs: {}, error: Object of type DatabaseError is not JSON serializable
2024-12-12 16:34:06,617 - Thread-2 (process_request_thread) - ThreadSafeLogger - INFO - Calling get_users with args: (UserHandler(user_service=<AssetManagement.src.app.services.user_service.UserService object at 0x00000286B97CEA50>),), kwargs: {}
2024-12-12 16:34:06,618 - Thread-2 (process_request_thread) - ThreadSafeLogger - INFO - get_users executed successfully.
2024-12-12 16:37:55,702 - Thread-2 (process_request_thread) - ThreadSafeLogger - INFO - Calling signup with args: (UserHandler(user_service=<AssetManagement.src.app.services.user_service.UserService object at 0x0000015832DEEA50>),), kwargs: {}
2024-12-12 16:37:55,702 - Thread-2 (process_request_thread) - ThreadSafeLogger - INFO - signup executed successfully.
2024-12-12 16:38:58,228 - Thread-3 (process_request_thread) - ThreadSafeLogger - INFO - Calling signup with args: (UserHandler(user_service=<AssetManagement.src.app.services.user_service.UserService object at 0x0000015832DEEA50>),), kwargs: {}
2024-12-12 16:38:58,228 - Thread-3 (process_request_thread) - ThreadSafeLogger - INFO - signup executed successfully.
2024-12-12 16:39:07,408 - Thread-4 (process_request_thread) - ThreadSafeLogger - INFO - Calling signup with args: (UserHandler(user_service=<AssetManagement.src.app.services.user_service.UserService object at 0x0000015832DEEA50>),), kwargs: {}
2024-12-12 16:39:07,408 - Thread-4 (process_request_thread) - ThreadSafeLogger - INFO - signup executed successfully.
2024-12-12 16:51:58,642 - Thread-2 (process_request_thread) - ThreadSafeLogger - INFO - Calling login with args: (UserHandler(user_service=<AssetManagement.src.app.services.user_service.UserService object at 0x000001FC7236EBA0>),), kwargs: {}
2024-12-12 16:51:58,644 - Thread-2 (process_request_thread) - ThreadSafeLogger - INFO - login executed successfully.
2024-12-12 16:52:06,248 - Thread-3 (process_request_thread) - ThreadSafeLogger - INFO - Calling signup with args: (UserHandler(user_service=<AssetManagement.src.app.services.user_service.UserService object at 0x000001FC7236EBA0>),), kwargs: {}
2024-12-12 16:52:06,497 - Thread-3 (process_request_thread) - ThreadSafeLogger - INFO - signup executed successfully.
2024-12-12 16:52:10,849 - Thread-4 (process_request_thread) - ThreadSafeLogger - INFO - Calling login with args: (UserHandler(user_service=<AssetManagement.src.app.services.user_service.UserService object at 0x000001FC7236EBA0>),), kwargs: {}
2024-12-12 16:52:10,850 - Thread-4 (process_request_thread) - ThreadSafeLogger - INFO - login executed successfully.
2024-12-12 16:53:30,548 - Thread-2 (process_request_thread) - ThreadSafeLogger - INFO - Calling login with args: (UserHandler(user_service=<AssetManagement.src.app.services.user_service.UserService object at 0x00000233B046EBA0>),), kwargs: {}
2024-12-12 16:53:30,551 - Thread-2 (process_request_thread) - ThreadSafeLogger - INFO - login executed successfully.
2024-12-12 16:55:00,439 - Thread-2 (process_request_thread) - ThreadSafeLogger - INFO - Calling login with args: (UserHandler(user_service=<AssetManagement.src.app.services.user_service.UserService object at 0x0000022D2827EBA0>),), kwargs: {}
2024-12-12 16:55:00,672 - Thread-2 (process_request_thread) - ThreadSafeLogger - INFO - login executed successfully.
2024-12-12 16:55:04,091 - Thread-3 (process_request_thread) - ThreadSafeLogger - INFO - Calling get_users with args: (UserHandler(user_service=<AssetManagement.src.app.services.user_service.UserService object at 0x0000022D2827EBA0>),), kwargs: {}
2024-12-12 16:55:04,092 - Thread-3 (process_request_thread) - ThreadSafeLogger - INFO - get_users executed successfully.
2024-12-12 16:55:53,944 - Thread-2 (process_request_thread) - ThreadSafeLogger - INFO - Calling get_users with args: (UserHandler(user_service=<AssetManagement.src.app.services.user_service.UserService object at 0x000001AC7B4BEBA0>),), kwargs: {}
2024-12-12 16:55:53,946 - Thread-2 (process_request_thread) - ThreadSafeLogger - INFO - get_users executed successfully.
2024-12-12 16:56:07,768 - Thread-2 (process_request_thread) - ThreadSafeLogger - INFO - Calling get_users with args: (UserHandler(user_service=<AssetManagement.src.app.services.user_service.UserService object at 0x000001E4DA4BEBA0>),), kwargs: {}
2024-12-12 16:56:07,769 - Thread-2 (process_request_thread) - ThreadSafeLogger - INFO - get_users executed successfully.
2024-12-12 16:56:37,848 - Thread-2 (process_request_thread) - ThreadSafeLogger - INFO - Calling get_users with args: (UserHandler(user_service=<AssetManagement.src.app.services.user_service.UserService object at 0x000001D06283EBA0>),), kwargs: {}
2024-12-12 16:56:37,849 - Thread-2 (process_request_thread) - ThreadSafeLogger - INFO - get_users executed successfully.
2024-12-12 16:59:52,715 - Thread-2 (process_request_thread) - ThreadSafeLogger - INFO - Calling get_users with args: (UserHandler(user_service=<AssetManagement.src.app.services.user_service.UserService object at 0x000002ADA1AAEBA0>),), kwargs: {}
2024-12-12 16:59:52,717 - Thread-2 (process_request_thread) - ThreadSafeLogger - INFO - get_users executed successfully.
2024-12-12 17:01:59,643 - Thread-2 (process_request_thread) - ThreadSafeLogger - INFO - Calling get_users with args: (UserHandler(user_service=<AssetManagement.src.app.services.user_service.UserService object at 0x0000022AA3CDEBA0>),), kwargs: {}
2024-12-12 17:01:59,645 - Thread-2 (process_request_thread) - ThreadSafeLogger - INFO - get_users executed successfully.
2024-12-12 17:02:12,591 - Thread-3 (process_request_thread) - ThreadSafeLogger - INFO - Calling get_users with args: (UserHandler(user_service=<AssetManagement.src.app.services.user_service.UserService object at 0x0000022AA3CDEBA0>),), kwargs: {}
2024-12-12 17:02:12,593 - Thread-3 (process_request_thread) - ThreadSafeLogger - INFO - get_users executed successfully.
2024-12-12 17:10:26,649 - Thread-2 (process_request_thread) - ThreadSafeLogger - INFO - Calling get_users with args: (UserHandler(user_service=<AssetManagement.src.app.services.user_service.UserService object at 0x000001763FDAEBA0>),), kwargs: {}
2024-12-12 17:10:26,652 - Thread-2 (process_request_thread) - ThreadSafeLogger - INFO - get_users executed successfully.
2024-12-12 17:10:31,051 - Thread-3 (process_request_thread) - ThreadSafeLogger - INFO - Calling signup with args: (UserHandler(user_service=<AssetManagement.src.app.services.user_service.UserService object at 0x000001763FDAEBA0>),), kwargs: {}
2024-12-12 17:10:31,053 - Thread-3 (process_request_thread) - ThreadSafeLogger - INFO - signup executed successfully.
2024-12-12 17:10:34,470 - Thread-4 (process_request_thread) - ThreadSafeLogger - INFO - Calling login with args: (UserHandler(user_service=<AssetManagement.src.app.services.user_service.UserService object at 0x000001763FDAEBA0>),), kwargs: {}
2024-12-12 17:10:34,701 - Thread-4 (process_request_thread) - ThreadSafeLogger - INFO - login executed successfully.
2024-12-12 17:10:37,774 - Thread-5 (process_request_thread) - ThreadSafeLogger - INFO - Calling get_users with args: (UserHandler(user_service=<AssetManagement.src.app.services.user_service.UserService object at 0x000001763FDAEBA0>),), kwargs: {}
2024-12-12 17:10:37,774 - Thread-5 (process_request_thread) - ThreadSafeLogger - INFO - get_users executed successfully.
2024-12-12 17:12:07,058 - Thread-2 (process_request_thread) - ThreadSafeLogger - INFO - Calling get_users with args: (UserHandler(user_service=<AssetManagement.src.app.services.user_service.UserService object at 0x000001F270F42BA0>),), kwargs: {}
2024-12-12 17:12:07,060 - Thread-2 (process_request_thread) - ThreadSafeLogger - INFO - get_users executed successfully.
2024-12-12 17:15:27,904 - Thread-2 (process_request_thread) - ThreadSafeLogger - INFO - Calling get_users with args: (UserHandler(user_service=<AssetManagement.src.app.services.user_service.UserService object at 0x000001194CEAABA0>),), kwargs: {}
2024-12-12 17:15:27,906 - Thread-2 (process_request_thread) - ThreadSafeLogger - INFO - get_users executed successfully.
2024-12-12 17:17:49,056 - Thread-2 (process_request_thread) - ThreadSafeLogger - INFO - Calling get_users with args: (UserHandler(user_service=<AssetManagement.src.app.services.user_service.UserService object at 0x0000023A791C6BA0>),), kwargs: {}
2024-12-12 17:17:49,059 - Thread-2 (process_request_thread) - ThreadSafeLogger - INFO - get_users executed successfully.
2024-12-12 17:30:14,462 - Thread-3 (process_request_thread) - ThreadSafeLogger - INFO - Calling get_users with args: (UserHandler(user_service=<AssetManagement.src.app.services.user_service.UserService object at 0x0000023A791C6BA0>),), kwargs: {}
2024-12-12 17:30:14,464 - Thread-3 (process_request_thread) - ThreadSafeLogger - INFO - get_users executed successfully.
2024-12-12 17:30:17,374 - Thread-4 (process_request_thread) - ThreadSafeLogger - INFO - Calling get_users with args: (UserHandler(user_service=<AssetManagement.src.app.services.user_service.UserService object at 0x0000023A791C6BA0>),), kwargs: {}
2024-12-12 17:30:17,375 - Thread-4 (process_request_thread) - ThreadSafeLogger - INFO - get_users executed successfully.
2024-12-12 17:30:18,278 - Thread-5 (process_request_thread) - ThreadSafeLogger - INFO - Calling get_users with args: (UserHandler(user_service=<AssetManagement.src.app.services.user_service.UserService object at 0x0000023A791C6BA0>),), kwargs: {}
2024-12-12 17:30:18,280 - Thread-5 (process_request_thread) - ThreadSafeLogger - INFO - get_users executed successfully.
2024-12-13 09:28:58,661 - Thread-6 (process_request_thread) - ThreadSafeLogger - INFO - Calling get_user with args: (UserHandler(user_service=<AssetManagement.src.app.services.user_service.UserService object at 0x0000023A791C6BA0>),), kwargs: {'user_id': '24486f73-2880-4ebc-88bf-d74e409471aa'}
2024-12-13 09:28:58,663 - Thread-6 (process_request_thread) - ThreadSafeLogger - INFO - get_user executed successfully.
2024-12-13 09:29:35,712 - Thread-2 (process_request_thread) - ThreadSafeLogger - INFO - Calling get_user with args: (UserHandler(user_service=<AssetManagement.src.app.services.user_service.UserService object at 0x000001CAA5D56BA0>),), kwargs: {'user_id': '24486f73-2880-4ebc-88bf-d74e409471aa'}
2024-12-13 09:29:35,713 - Thread-2 (process_request_thread) - ThreadSafeLogger - INFO - get_user executed successfully.
2024-12-13 11:08:04,618 - Thread-3 (process_request_thread) - ThreadSafeLogger - INFO - Calling login with args: (UserHandler(user_service=<AssetManagement.src.app.services.user_service.UserService object at 0x000001CEE3CFACF0>),), kwargs: {}
2024-12-13 11:08:05,152 - Thread-3 (process_request_thread) - ThreadSafeLogger - INFO - login executed successfully.
2024-12-13 11:10:37,529 - Thread-2 (process_request_thread) - ThreadSafeLogger - INFO - Calling login with args: (UserHandler(user_service=<AssetManagement.src.app.services.user_service.UserService object at 0x000002976497ACF0>),), kwargs: {}
2024-12-13 11:10:37,997 - Thread-2 (process_request_thread) - ThreadSafeLogger - INFO - login executed successfully.
2024-12-13 11:42:19,777 - Thread-5 (process_request_thread) - ThreadSafeLogger - INFO - Calling login with args: (UserHandler(user_service=<AssetManagement.src.app.services.user_service.UserService object at 0x000001FA524BECF0>),), kwargs: {}
2024-12-13 11:42:20,387 - Thread-5 (process_request_thread) - ThreadSafeLogger - INFO - login executed successfully.
2024-12-13 12:10:58,972 - Thread-2 (process_request_thread) - ThreadSafeLogger - INFO - Calling login with args: (UserHandler(user_service=<AssetManagement.src.app.services.user_service.UserService object at 0x0000017CC8BFECF0>),), kwargs: {}
2024-12-13 12:10:59,202 - Thread-2 (process_request_thread) - ThreadSafeLogger - INFO - login executed successfully.
2024-12-13 12:11:26,969 - Thread-3 (process_request_thread) - ThreadSafeLogger - INFO - Calling login with args: (UserHandler(user_service=<AssetManagement.src.app.services.user_service.UserService object at 0x0000017CC8BFECF0>),), kwargs: {}
2024-12-13 12:11:27,199 - Thread-3 (process_request_thread) - ThreadSafeLogger - INFO - login executed successfully.
2024-12-13 12:11:36,063 - Thread-4 (process_request_thread) - ThreadSafeLogger - INFO - Calling login with args: (UserHandler(user_service=<AssetManagement.src.app.services.user_service.UserService object at 0x0000017CC8BFECF0>),), kwargs: {}
2024-12-13 12:11:36,294 - Thread-4 (process_request_thread) - ThreadSafeLogger - INFO - login executed successfully.
2024-12-13 12:11:51,191 - Thread-6 (process_request_thread) - ThreadSafeLogger - INFO - Calling get_user_issues with args: (IssueHandler(issue_service=<AssetManagement.src.app.services.issue_service.IssueService object at 0x0000017CC8BFEF90>),), kwargs: {'user_id': 'eyJhbGciOiJIUzI1NiIsInR5cCI6IkpXVCJ9.eyJ1c2VyX2lkIjoiMjQ0ODZmNzMtMjg4MC00ZWJjLTg4YmYtZDc0ZTQwOTQ3MWFhIiwicm9sZSI6InVzZXIiLCJleHAiOjE3MzQwNzU2OTYsImlhdCI6MTczNDA3MjA5NiwibmJmIjoxNzM0MDcyMDk2fQ.luUCm1pCPib-YzAhbSoSsVb5SSUJvSEE7pSadeZIumc'}
2024-12-13 12:11:51,192 - Thread-6 (process_request_thread) - ThreadSafeLogger - INFO - get_user_issues executed successfully.
2024-12-13 12:12:16,580 - Thread-7 (process_request_thread) - ThreadSafeLogger - INFO - Calling login with args: (UserHandler(user_service=<AssetManagement.src.app.services.user_service.UserService object at 0x0000017CC8BFECF0>),), kwargs: {}
2024-12-13 12:12:16,813 - Thread-7 (process_request_thread) - ThreadSafeLogger - INFO - login executed successfully.
2024-12-13 12:12:20,828 - Thread-8 (process_request_thread) - ThreadSafeLogger - INFO - Calling get_user_issues with args: (IssueHandler(issue_service=<AssetManagement.src.app.services.issue_service.IssueService object at 0x0000017CC8BFEF90>),), kwargs: {'user_id': '24486f73-2880-4ebc-88bf-d74e409471aa'}
2024-12-13 12:12:20,829 - Thread-8 (process_request_thread) - ThreadSafeLogger - INFO - get_user_issues executed successfully.
2024-12-13 12:13:03,451 - Thread-9 (process_request_thread) - ThreadSafeLogger - INFO - Calling get_user_issues with args: (IssueHandler(issue_service=<AssetManagement.src.app.services.issue_service.IssueService object at 0x0000017CC8BFEF90>),), kwargs: {'user_id': '24486f73-2880-4ebc-88bf-d74e409471aa'}
2024-12-13 12:13:03,453 - Thread-9 (process_request_thread) - ThreadSafeLogger - INFO - get_user_issues executed successfully.
2024-12-13 12:14:37,565 - Thread-2 (process_request_thread) - ThreadSafeLogger - INFO - Calling get_user_issues with args: (IssueHandler(issue_service=<AssetManagement.src.app.services.issue_service.IssueService object at 0x0000028FAEE57380>),), kwargs: {'user_id': '24486f73-2880-4ebc-88bf-d74e409471aa'}
2024-12-13 12:14:37,566 - Thread-2 (process_request_thread) - ThreadSafeLogger - INFO - get_user_issues executed successfully.
2024-12-13 12:17:42,497 - Thread-2 (process_request_thread) - ThreadSafeLogger - INFO - Calling get_user_issues with args: (IssueHandler(issue_service=<AssetManagement.src.app.services.issue_service.IssueService object at 0x00000171FB8DB230>),), kwargs: {'user_id': '24486f73-2880-4ebc-88bf-d74e409471aa'}
2024-12-13 12:17:42,499 - Thread-2 (process_request_thread) - ThreadSafeLogger - INFO - get_user_issues executed successfully.
2024-12-13 12:18:41,518 - Thread-2 (process_request_thread) - ThreadSafeLogger - INFO - Calling get_user_issues with args: (IssueHandler(issue_service=<AssetManagement.src.app.services.issue_service.IssueService object at 0x00000263CCD3EF90>),), kwargs: {'user_id': '24486f73-2880-4ebc-88bf-d74e409471aa'}
2024-12-13 12:18:41,519 - Thread-2 (process_request_thread) - ThreadSafeLogger - INFO - get_user_issues executed successfully.
2024-12-13 12:21:50,480 - Thread-2 (process_request_thread) - ThreadSafeLogger - INFO - Calling signup with args: (UserHandler(user_service=<AssetManagement.src.app.services.user_service.UserService object at 0x00000273920DECF0>),), kwargs: {}
2024-12-13 12:21:50,481 - Thread-2 (process_request_thread) - ThreadSafeLogger - INFO - signup executed successfully.
2024-12-13 12:21:58,633 - Thread-3 (process_request_thread) - ThreadSafeLogger - INFO - Calling signup with args: (UserHandler(user_service=<AssetManagement.src.app.services.user_service.UserService object at 0x00000273920DECF0>),), kwargs: {}
2024-12-13 12:21:58,872 - Thread-3 (process_request_thread) - ThreadSafeLogger - INFO - signup executed successfully.
2024-12-13 12:24:03,109 - Thread-5 (process_request_thread) - ThreadSafeLogger - INFO - Calling delete_user with args: (UserHandler(user_service=<AssetManagement.src.app.services.user_service.UserService object at 0x00000273920DECF0>),), kwargs: {'user_id': '24486f73-2880-4ebc-88bf-d74e409471aa'}
2024-12-13 12:24:03,111 - Thread-5 (process_request_thread) - ThreadSafeLogger - INFO - delete_user executed successfully.
2024-12-13 12:25:17,990 - Thread-2 (process_request_thread) - ThreadSafeLogger - INFO - Calling delete_user with args: (UserHandler(user_service=<AssetManagement.src.app.services.user_service.UserService object at 0x000002363FA6ECF0>),), kwargs: {'user_id': '24486f73-2880-4ebc-88bf-d74e409471aa'}
2024-12-13 12:25:18,006 - Thread-2 (process_request_thread) - ThreadSafeLogger - INFO - delete_user executed successfully.
